On Action Documentation:

--------------------

on_law_enactment_fail:
From Code: Yes
Expected Scope: none/all

--------------------

on_party_disbanded:
From Code: Yes
Expected Scope: none/all

--------------------

on_yearly_pulse_country:
From Code: Yes
Expected Scope: country

--------------------

on_secession_country_helped_by_home_country:
From Code: Yes
Expected Scope: none/all

--------------------

on_law_enactment_ended:
From Code: Yes
Expected Scope: none/all

--------------------

on_character_recruitment:
From Code: Yes
Expected Scope: none/all

--------------------

on_self_capitulated_notification:
From Code: Yes
Expected Scope: none/all

--------------------

on_political_movement_supported_law_cancelled:
From Code: Yes
Expected Scope: none/all

--------------------

on_yearly_pulse_character:
From Code: Yes
Expected Scope: character

--------------------

on_obligation_owed_to_us_expired:
From Code: Yes
Expected Scope: none/all

--------------------

on_diplomatic_play_started:
From Code: Yes
Expected Scope: none/all

--------------------

on_company_established:
From Code: Yes
Expected Scope: none/all

--------------------

on_ig_resigned_government:
From Code: Yes
Expected Scope: none/all

--------------------

on_military_formation_created:
From Code: Yes
Expected Scope: none/all

--------------------

on_reverse_sway_offer_accepted:
From Code: Yes
Expected Scope: none/all

--------------------

on_country_swayed:
From Code: Yes
Expected Scope: none/all

--------------------

on_political_movement_disbanded:
From Code: Yes
Expected Scope: none/all

--------------------

on_demobilized_general:
From Code: Yes
Expected Scope: none/all

--------------------

on_diplomatic_proposal_break_accepted:
From Code: Yes
Expected Scope: none/all

--------------------

on_travel_deploy_to_sea_node_cancelled:
From Code: Yes
Expected Scope: none/all

--------------------

on_building_built:
From Code: Yes
Expected Scope: none/all

--------------------

on_law_activated:
From Code: Yes
Expected Scope: none/all

--------------------

on_building_expanded:
From Code: Yes
Expected Scope: none/all

--------------------

on_five_year_pulse_character:
From Code: Yes
Expected Scope: none/all

--------------------

on_deactivate_link:
From Code: Yes
Expected Scope: none/all

--------------------

on_naval_invasion:
From Code: Yes
Expected Scope: none/all

--------------------

on_diplomatic_demand:
From Code: Yes
Expected Scope: none/all

--------------------

on_battle_lost:
From Code: Yes
Expected Scope: none/all

--------------------

on_journal_entry_deactivated:
From Code: Yes
Expected Scope: none/all

--------------------

on_new_culture_obsession:
From Code: Yes
Expected Scope: none/all

--------------------

on_election_campaign_start:
From Code: Yes
Expected Scope: none/all

--------------------

on_diplomats_expelled:
From Code: Yes
Expected Scope: none/all

--------------------

on_mobilized_army:
From Code: Yes
Expected Scope: none/all

--------------------

on_revolution_start:
From Code: Yes
Expected Scope: none/all

--------------------

on_claim_added:
From Code: Yes
Expected Scope: none/all

--------------------

on_company_disbanded:
From Code: Yes
Expected Scope: none/all

--------------------

on_peace_agreement_signed_non_participant:
From Code: Yes
Expected Scope: none/all

--------------------

on_diplomatic_proposal_break_declined:
From Code: Yes
Expected Scope: none/all

--------------------

on_sway_offer:
From Code: Yes
Expected Scope: none/all

--------------------

on_travel_track_formation_cancelled:
From Code: Yes
Expected Scope: none/all

--------------------

on_wargoal_enforced:
From Code: Yes
Expected Scope: none/all

--------------------

on_government_reformed:
From Code: Yes
Expected Scope: none/all

--------------------

on_diplomatic_proposal_break:
From Code: Yes
Expected Scope: none/all

--------------------

on_diplomatic_action_third_party_break:
From Code: Yes
Expected Scope: none/all

--------------------

on_character_creation:
From Code: Yes
Expected Scope: none/all

--------------------

on_obligation_owed_by_us_expired:
From Code: Yes
Expected Scope: none/all

--------------------

on_half_yearly_pulse_state:
From Code: Yes
Expected Scope: none/all

--------------------

on_our_convoys_raided:
From Code: Yes
Expected Scope: none/all

--------------------

on_political_movement_formed:
From Code: Yes
Expected Scope: none/all

--------------------

on_diplomatic_pact_third_party_auto_break:
From Code: Yes
Expected Scope: none/all

--------------------

on_rank_changed:
From Code: Yes
Expected Scope: none/all

--------------------

on_battle_started:
From Code: Yes
Expected Scope: none/all

--------------------

on_diplomatic_action_break:
From Code: Yes
Expected Scope: none/all

--------------------

on_diplomatic_proposal:
From Code: Yes
Expected Scope: none/all

--------------------

on_sway_offer_accepted:
From Code: Yes
Expected Scope: none/all

--------------------

on_wargoal_removed:
From Code: Yes
Expected Scope: none/all

--------------------

on_enemy_convoys_raided:
From Code: Yes
Expected Scope: none/all

--------------------

on_diplo_play_war_start:
From Code: Yes
Expected Scope: none/all

--------------------

on_retarget_link:
From Code: Yes
Expected Scope: none/all

--------------------

on_half_yearly_pulse_character:
From Code: Yes
Expected Scope: none/all

--------------------

on_country_released_as_overlord_subject:
From Code: Yes
Expected Scope: none/all

--------------------

on_create_market:
From Code: Yes
Expected Scope: none/all

--------------------

on_diplo_play_abandon_side:
From Code: Yes
Expected Scope: none/all

--------------------

on_acquired_technology:
From Code: Yes
Expected Scope: country

--------------------

on_war_end:
From Code: Yes
Expected Scope: none/all

--------------------

on_reverse_sway_offer_rejected:
From Code: Yes
Expected Scope: none/all

--------------------

on_diplomatic_action_third_party:
From Code: Yes
Expected Scope: none/all

--------------------

on_decade_pulse_character:
From Code: Yes
Expected Scope: none/all

--------------------

on_election_campaign_end:
From Code: Yes
Expected Scope: none/all

--------------------

on_diplomatic_action_third_party_accepted:
From Code: Yes
Expected Scope: none/all

--------------------

on_yearly_pulse_state:
From Code: Yes
Expected Scope: country

--------------------

on_country_formed:
From Code: Yes
Expected Scope: none/all

--------------------

on_five_year_pulse_country:
From Code: Yes
Expected Scope: country

--------------------

on_law_checkpoint_success:
From Code: Yes
Expected Scope: none/all

--------------------

on_diplomatic_action_third_party_break_accepted:
From Code: Yes
Expected Scope: none/all

--------------------

on_diplomatic_pact_auto_break:
From Code: Yes
Expected Scope: none/all

--------------------

on_enemy_capitulated_notification:
From Code: Yes
Expected Scope: none/all

--------------------

on_investment_increased:
From Code: Yes
Expected Scope: none/all

--------------------

on_mobilized_general:
From Code: Yes
Expected Scope: none/all

--------------------

on_production_method_changed:
From Code: Yes
Expected Scope: none/all

--------------------

on_travel_station_in_hq_cancelled:
From Code: Yes
Expected Scope: none/all

--------------------

on_diplo_play_subject_released_overlord:
From Code: Yes
Expected Scope: none/all

--------------------

on_law_checkpoint_debate:
From Code: Yes
Expected Scope: country

--------------------

on_wargoal_added:
From Code: Yes
Expected Scope: none/all

--------------------

on_character_death:
From Code: Yes
Expected Scope: none/all

--------------------

on_journal_entry_failed:
From Code: Yes
Expected Scope: none/all

--------------------

on_sub_objective_failed:
From Code: Yes
Expected Scope: none/all

--------------------

on_secession_end:
From Code: Yes
Expected Scope: none/all

--------------------

on_colony_created:
From Code: Yes
Expected Scope: none/all

--------------------

on_start_supporting_unification:
From Code: Yes
Expected Scope: none/all

--------------------

on_diplomatic_proposal_declined:
From Code: Yes
Expected Scope: none/all

--------------------

on_revolution_checkpoint_reached:
From Code: Yes
Expected Scope: country

--------------------

on_peace_agreement_signed_war_leader:
From Code: Yes
Expected Scope: none/all

--------------------

on_ally_capitulated_notification:
From Code: Yes
Expected Scope: none/all

--------------------

on_migration_target_created:
From Code: Yes
Expected Scope: none/all

--------------------

on_diplomatic_demand_rejected:
From Code: Yes
Expected Scope: none/all

--------------------

on_reverse_sway_offer:
From Code: Yes
Expected Scope: none/all

--------------------

on_diplo_play_declare_neutrality:
From Code: Yes
Expected Scope: none/all

--------------------

on_investment_decreased:
From Code: Yes
Expected Scope: none/all

--------------------

on_sub_objective_completed:
From Code: Yes
Expected Scope: none/all

--------------------

on_civil_war_won:
From Code: Yes
Expected Scope: none/all

--------------------

on_law_checkpoint_stall:
From Code: Yes
Expected Scope: country

--------------------

on_monthly_pulse_character:
From Code: Yes
Expected Scope: none/all

--------------------

on_resource_discovered:
From Code: Yes
Expected Scope: state

--------------------

on_battle_ended:
From Code: Yes
Expected Scope: none/all

--------------------

on_unification_candidate_removed:
From Code: Yes
Expected Scope: none/all

--------------------

on_decade_pulse_country:
From Code: Yes
Expected Scope: country

--------------------

on_heir_born:
From Code: Yes
Expected Scope: none/all

--------------------

on_party_created:
From Code: Yes
Expected Scope: none/all

--------------------

on_diplomatic_proposal_owe_obligation:
From Code: Yes
Expected Scope: none/all

--------------------

on_country_no_longer_default:
From Code: Yes
Expected Scope: none/all

--------------------

on_diplomatic_action_third_party_declined:
From Code: Yes
Expected Scope: none/all

--------------------

on_diplomatic_demand_accepted:
From Code: Yes
Expected Scope: none/all

--------------------

on_research_technology_started:
From Code: Yes
Expected Scope: none/all

--------------------

on_country_released_as_independent:
From Code: Yes
Expected Scope: none/all

--------------------

on_diplomatic_proposal_accepted:
From Code: Yes
Expected Scope: none/all

--------------------

on_objective_completed:
From Code: Yes
Expected Scope: none/all

--------------------

on_merge_markets:
From Code: Yes
Expected Scope: none/all

--------------------

on_diplo_play_subject_released:
From Code: Yes
Expected Scope: none/all

--------------------

on_country_released_as_own_subject:
From Code: Yes
Expected Scope: none/all

--------------------

on_diplomatic_proposal_break_owe_obligation:
From Code: Yes
Expected Scope: none/all

--------------------

on_country_default:
From Code: Yes
Expected Scope: none/all

--------------------

on_spreading_technology:
From Code: Yes
Expected Scope: none/all

--------------------

on_decade_pulse_state:
From Code: Yes
Expected Scope: none/all

--------------------

on_diplo_play_switch_sides:
From Code: Yes
Expected Scope: none/all

--------------------

on_secession_country_not_helped_by_home_country:
From Code: Yes
Expected Scope: none/all

--------------------

on_travel_to_front_cancelled:
From Code: Yes
Expected Scope: none/all

--------------------

on_revolution_end:
From Code: Yes
Expected Scope: none/all

--------------------

on_journal_entry_activated:
From Code: Yes
Expected Scope: none/all

--------------------

on_law_enactment_pass:
From Code: Yes
Expected Scope: none/all

--------------------

on_repudiate_obligation:
From Code: Yes
Expected Scope: none/all

--------------------

on_battle_won:
From Code: Yes
Expected Scope: country

--------------------

on_peace_agreement_signed_war_participant:
From Code: Yes
Expected Scope: none/all

--------------------

on_law_enactment_started:
From Code: Yes
Expected Scope: none/all

--------------------

on_diplo_play_start:
From Code: Yes
Expected Scope: none/all

--------------------

on_start_expanding_building:
From Code: Yes
Expected Scope: none/all

--------------------

on_journal_entry_completed:
From Code: Yes
Expected Scope: none/all

--------------------

on_diplomatic_incident:
From Code: Yes
Expected Scope: none/all

--------------------

on_new_ruler:
From Code: Yes
Expected Scope: none/all

--------------------

on_monthly_pulse_country:
From Code: Yes
Expected Scope: country

--------------------

on_monthly_pulse_state:
From Code: Yes
Expected Scope: state

--------------------

on_native_uprising:
From Code: Yes
Expected Scope: none/all

--------------------

on_diplo_play_back_down_involved:
From Code: Yes
Expected Scope: none/all

--------------------

on_capitulation:
From Code: Yes
Expected Scope: none/all

--------------------

on_five_year_pulse_state:
From Code: Yes
Expected Scope: none/all

--------------------

on_diplomatic_proposal_call_in_obligation:
From Code: Yes
Expected Scope: none/all

--------------------

on_half_yearly_pulse_country:
From Code: Yes
Expected Scope: country

--------------------

on_migration_target_created_other:
From Code: Yes
Expected Scope: none/all

--------------------

on_unification_candidate_added:
From Code: Yes
Expected Scope: none/all

--------------------

on_law_checkpoint_advance:
From Code: Yes
Expected Scope: country

--------------------

on_resource_depleted:
From Code: Yes
Expected Scope: state

--------------------

on_state_incorporation:
From Code: Yes
Expected Scope: none/all

--------------------

on_demobilized_army:
From Code: Yes
Expected Scope: none/all

--------------------

on_secession_start:
From Code: Yes
Expected Scope: none/all

--------------------

on_diplo_play_back_down:
From Code: Yes
Expected Scope: none/all

--------------------

on_diplo_play_join_side:
From Code: Yes
Expected Scope: none/all

--------------------

on_diplomatic_action_third_party_break_declined:
From Code: Yes
Expected Scope: none/all

--------------------

on_diplomatic_proposal_break_call_in_obligation:
From Code: Yes
Expected Scope: none/all

--------------------

on_diplo_play_start_third_party:
From Code: Yes
Expected Scope: none/all

--------------------

on_sway_offer_rejected:
From Code: Yes
Expected Scope: none/all

--------------------

on_stop_supporting_unification:
From Code: Yes
Expected Scope: none/all

--------------------

on_diplomatic_action:
From Code: Yes
Expected Scope: none/all

--------------------

on_secession_checkpoint_reached:
From Code: Yes
Expected Scope: none/all
